2026-03-19 05:46:24,136 - uvicorn.error - INFO - Started server process [13993]
2026-03-19 05:46:24,137 - uvicorn.error - INFO - Waiting for application startup.
2026-03-19 05:46:24,137 - uvicorn.error - INFO - Application startup complete.
2026-03-19 06:07:52,377 - SixSense-Converter - INFO - Root page accessed
2026-03-19 06:14:30,789 - uvicorn.error - INFO - Shutting down
2026-03-19 06:14:30,891 - uvicorn.error - INFO - Waiting for application shutdown.
2026-03-19 06:14:30,891 - uvicorn.error - INFO - Application shutdown complete.
2026-03-19 06:14:30,892 - uvicorn.error - INFO - Finished server process [13993]
2026-03-19 06:14:31,567 - uvicorn.error - INFO - Started server process [31200]
2026-03-19 06:14:31,568 - uvicorn.error - INFO - Waiting for application startup.
2026-03-19 06:14:31,568 - uvicorn.error - INFO - Application startup complete.
2026-03-19 06:25:14,513 - uvicorn.error - INFO - Shutting down
2026-03-19 06:25:14,615 - uvicorn.error - INFO - Waiting for application shutdown.
2026-03-19 06:25:14,615 - uvicorn.error - INFO - Application shutdown complete.
2026-03-19 06:25:14,615 - uvicorn.error - INFO - Finished server process [31200]
2026-03-19 06:25:15,030 - uvicorn.error - INFO - Started server process [31416]
2026-03-19 06:25:15,030 - uvicorn.error - INFO - Waiting for application startup.
2026-03-19 06:25:15,031 - uvicorn.error - INFO - Application startup complete.
2026-03-19 06:25:49,390 - uvicorn.error - INFO - Shutting down
2026-03-19 06:25:49,492 - uvicorn.error - INFO - Finished server process [31416]
2026-03-19 06:25:49,494 - uvicorn.error - ERROR - Traceback (most recent call last):
  File "/home/ubuntu/.local/lib/python3.10/site-packages/starlette/routing.py", line 701, in lifespan
    await receive()
  File "/usr/lib/python3/dist-packages/uvicorn/lifespan/on.py", line 135, in receive
    return await self.receive_queue.get()
  File "/usr/lib/python3.10/asyncio/queues.py", line 159, in get
    await getter
asyncio.exceptions.CancelledError

2026-03-19 06:25:52,150 - uvicorn.error - INFO - Started server process [31420]
2026-03-19 06:25:52,151 - uvicorn.error - INFO - Waiting for application startup.
2026-03-19 06:25:52,152 - uvicorn.error - INFO - Application startup complete.
2026-03-19 06:26:00,257 - SixSense-Converter - INFO - Root page accessed
2026-03-19 06:45:11,275 - uvicorn.error - INFO - Shutting down
2026-03-19 06:45:11,376 - uvicorn.error - INFO - Waiting for application shutdown.
2026-03-19 06:45:11,377 - uvicorn.error - INFO - Application shutdown complete.
2026-03-19 06:45:11,377 - uvicorn.error - INFO - Finished server process [31420]
2026-03-19 07:16:35,522 - uvicorn.error - INFO - Started server process [32133]
2026-03-19 07:16:35,523 - uvicorn.error - INFO - Waiting for application startup.
2026-03-19 07:16:35,523 - uvicorn.error - INFO - Application startup complete.
2026-03-19 07:24:15,038 - uvicorn.error - INFO - Shutting down
2026-03-19 07:24:15,140 - uvicorn.error - INFO - Waiting for application shutdown.
2026-03-19 07:24:15,141 - uvicorn.error - INFO - Application shutdown complete.
2026-03-19 07:24:15,141 - uvicorn.error - INFO - Finished server process [32133]
